<?xml version="1.0" encoding="UTF-8"?>
<testsuite name="com.notifica.Notifica" tests="1" skipped="0" failures="0" errors="0" timestamp="2017-07-02T15:22:55" hostname="EGONTECH-NTB03" time="0.001">
  <properties/>
  <testcase name="test" classname="com.notifica.Notifica" time="0.001"/>
  <system-out><![CDATA[]]></system-out>
  <system-err><![CDATA[]]></system-err>
</testsuite>
