<?xml version="1.0" encoding="UTF-8"?>
<testsuite name="com.solicitacao.Solicitacao" tests="1" skipped="0" failures="0" errors="0" timestamp="2017-07-02T20:07:11" hostname="EGONTECH-NTB03" time="0.0">
  <properties/>
  <testcase name="test" classname="com.solicitacao.Solicitacao" time="0.0"/>
  <system-out><![CDATA[]]></system-out>
  <system-err><![CDATA[]]></system-err>
</testsuite>
